[debug] [2024-12-27T07:43:21.444Z] ----------------------------------------------------------------------
[debug] [2024-12-27T07:43:21.460Z] Command:       /usr/bin/node-20 /usr/local/bin/firebase login:ci
[debug] [2024-12-27T07:43:21.461Z] CLI Version:   13.5.1
[debug] [2024-12-27T07:43:21.461Z] Platform:      linux
[debug] [2024-12-27T07:43:21.462Z] Node Version:  v20.18.1
[debug] [2024-12-27T07:43:21.462Z] Time:          Fri Dec 27 2024 13:13:21 GMT+0530 (India Standard Time)
[debug] [2024-12-27T07:43:21.462Z] ----------------------------------------------------------------------
[debug] 
[debug] [2024-12-27T07:43:21.465Z] >>> [apiv2][query] GET https://firebase-public.firebaseio.com/cli.json [none]
[warn] ⚠  Authenticating with a `login:ci` token is deprecated and will be removed in a future major version of `firebase-tools`. Instead, use a service account key with `GOOGLE_APPLICATION_CREDENTIALS`: https://cloud.google.com/docs/authentication/getting-started 
[info] 
[info] Visit this URL on this device to log in:
[info] https://accounts.google.com/o/oauth2/auth?client_id=563584335869-fgrhgmd47bqnekij5i8b5pr03ho849e6.apps.googleusercontent.com&scope=email%20openid%20https%3A%2F%2Fwww.googleapis.com%2Fauth%2Fcloudplatformprojects.readonly%20https%3A%2F%2Fwww.googleapis.com%2Fauth%2Ffirebase%20https%3A%2F%2Fwww.googleapis.com%2Fauth%2Fcloud-platform&response_type=code&state=141610991&redirect_uri=http%3A%2F%2Flocalhost%3A9005
[info] 
[info] Waiting for authentication...
[debug] [2024-12-27T07:43:27.519Z] <<< [apiv2][status] GET https://firebase-public.firebaseio.com/cli.json 200
[debug] [2024-12-27T07:43:27.519Z] <<< [apiv2][body] GET https://firebase-public.firebaseio.com/cli.json {"cloudBuildErrorAfter":1594252800000,"cloudBuildWarnAfter":1590019200000,"defaultNode10After":1594252800000,"minVersion":"3.0.5","node8DeploysDisabledAfter":1613390400000,"node8RuntimeDisabledAfter":1615809600000,"node8WarnAfter":1600128000000}
[debug] [2024-12-27T07:43:32.155Z] >>> [apiv2][query] POST https://accounts.google.com/o/oauth2/token [none]
[debug] [2024-12-27T07:43:32.156Z] >>> [apiv2][body] POST https://accounts.google.com/o/oauth2/token [omitted]
[debug] [2024-12-27T07:43:32.498Z] <<< [apiv2][status] POST https://accounts.google.com/o/oauth2/token 200
[debug] [2024-12-27T07:43:32.498Z] <<< [apiv2][body] POST https://accounts.google.com/o/oauth2/token [omitted]
[info] 
[info] ✔  Success! Use this token to login on a CI server:

1//0gOFcWqoxq2aBCgYIARAAGBASNwF-L9IrYS25dWEfwbJ8dxMDNX_f1q361sUw5ZlY05JqOgBfGMDY7bL8Y6Iakbp2yyEA8KxgmUo

Example: firebase deploy --token "$FIREBASE_TOKEN"
 
